F3905E9A.txt inserted.
F3711EAB.txt inserted.
F3711EAA.txt inserted.
F3711E6A.HDF inserted.
F3709E6C.HDF inserted.
F3709E6B.HDF inserted.
F3709E6A.HDF inserted.
F3707E8B.HDF inserted.
F3707E8A.HDF inserted.
F3707E6A.HDF inserted.
F3705E6A.HDF inserted.
F3705E4A.DAT inserted.
F3703E6A.HDF inserted.
F3703E3A.DAT inserted.
F3701E6A.HDF inserted.
F3701E3A.DAT inserted.
F3607EAA.txt inserted.
F3601E9A.txt inserted.
F3403E9A.txt inserted.
F3401E3A.DAT inserted.
F3205E6A.HDF inserted.
F3205E4A.DAT inserted.
F3203E6A.HDF inserted.
F3203E4A.DAT inserted.
F3201E4A.DAT inserted.
F3103E3B.DAT inserted.
F3103E3A.DAT inserted.
F3101E3B.DAT inserted.
F3101E3A.DAT inserted.
F3007E6B.HDF inserted.
F3007E6A.HDF inserted.
F3005E6A.HDF inserted.
F3005E3B.DAT inserted.
F3005E3A.DAT inserted.
F3003E6B.HDF inserted.
F3003E6A.HDF inserted.
F3001E6B.HDF inserted.
F3001E6A.HDF inserted.
F2807EAB.txt inserted.
F2807EAA.txt inserted.
F2807E9D.txt inserted.
F2807E9C.txt inserted.
F2807E9B.txt inserted.
F2807E9A.txt inserted.
F2805E6A.HDF inserted.
F2805E5A.HDF inserted.
F2803E5A.HDF inserted.
F2803E4A.DAT inserted.
F2801E9A.txt inserted.
F2801E3A.DAT inserted.
F2709E9A.txt inserted.
F2709E8A.HDF inserted.
F2709E6B.HDF inserted.
F2709E6A.HDF inserted.
F2707E5C.HDF inserted.
F2707E5B.HDF inserted.
F2707E5A.HDF inserted.
F2707E4A.DAT inserted.
F2705E9A.txt inserted.
F2705E4A.DAT inserted.
F2703E6A.HDF inserted.
F2703E3A.DAT inserted.
F2701E6A.HDF inserted.
F2701E4A.DAT inserted.
F2609EAJ.txt inserted.
F2609EAI.txt inserted.
F2609EAH.txt inserted.
F2609EAG.txt inserted.
F2609EAF.txt inserted.
F2609EAE.txt inserted.
F2609EAD.txt inserted.
F2609EAC.txt inserted.
F2609EAB.txt inserted.
F2609EAA.txt inserted.
F2607EAI.txt inserted.
F2607EAH.txt inserted.
F2607EAG.txt inserted.
F2607EAF.txt inserted.
F2607EAE.txt inserted.
F2607EAD.txt inserted.
F2607EAC.txt inserted.
F2607EAB.txt inserted.
F2607EAA.txt inserted.
F2605EAI.txt inserted.
F2605EAH.txt inserted.
F2605EAG.txt inserted.
F2605EAF.txt inserted.
F2605EAE.txt inserted.
F2605EAD.txt inserted.
F2605EAC.txt inserted.
F2605EAB.txt inserted.
F2605EAA.txt inserted.
F2603EAD.txt inserted.
F2603EAC.txt inserted.
F2603EAB.txt inserted.
F2603EAA.txt inserted.
F2603E5E.HDF inserted.
F2603E5D.HDF inserted.
F2603E5C.HDF inserted.
F2603E5B.HDF inserted.
F2603E5A.HDF inserted.
F2601EAJ.txt inserted.
F2601EAH.txt inserted.
F2601EAG.txt inserted.
F2601EAF.txt inserted.
F2601EAE.txt inserted.
F2601EAD.txt inserted.
F2601EAC.txt inserted.
F2601EAB.txt inserted.
F2601EAA.txt inserted.
F2509E9E.txt inserted.
F2509E9D.txt inserted.
F2509E9C.txt inserted.
F2509E9B.txt inserted.
F2509E9A.txt inserted.
F2509E6B.HDF inserted.
F2509E6A.HDF inserted.
F2509E4B.DAT inserted.
F2509E4A.DAT inserted.
F2507E9G.txt inserted.
F2507E9F.txt inserted.
F2507E9E.txt inserted.
F2507E9D.txt inserted.
F2507E9C.txt inserted.
F2507E9B.txt inserted.
F2507E9A.txt inserted.
F2507E8A.HDF inserted.
F2507E4B.DAT inserted.
F2507E4A.DAT inserted.
F2505EAG.txt inserted.
F2505EAF.txt inserted.
F2505EAE.txt inserted.
F2505EAD.txt inserted.
F2505EAC.txt inserted.
F2505EAB.txt inserted.
F2505EAA.txt inserted.
F2505E3C.DAT inserted.
F2505E3B.DAT inserted.
F2505E3A.DAT inserted.
F2503EAG.txt inserted.
F2503EAF.txt inserted.
F2503EAE.txt inserted.
F2503EAD.txt inserted.
F2503EAC.txt inserted.
F2503EAB.txt inserted.
F2503EAA.txt inserted.
F2503E3D.DAT inserted.
F2503E3C.DAT inserted.
F2503E3B.DAT inserted.
F2503E3A.DAT inserted.
F2501EAH.txt inserted.
F2501EAG.txt inserted.
F2501EAF.txt inserted.
F2501EAE.txt inserted.
F2501EAD.txt inserted.
F2501EAC.txt inserted.
F2501EAB.txt inserted.
F2501EAA.txt inserted.
F2501E9B.txt inserted.
F2501E9A.txt inserted.
F2409E9A.txt inserted.
F2407E6A.HDF inserted.
F2405E5A.HDF inserted.
F2403E9A.txt inserted.
F2401EAA.txt inserted.
F2309E9A.txt inserted.
F2309E8A.HDF inserted.
F2309E5B.HDF inserted.
F2309E5A.HDF inserted.
F2307E5C.HDF inserted.
F2307E5B.HDF inserted.
F2307E5A.HDF inserted.
F2307E3A.DAT inserted.
F2305E8B.HDF inserted.
F2305E8A.HDF inserted.
F2305E5B.HDF inserted.
F2305E5A.HDF inserted.
F2303E9A.txt inserted.
F2303E5C.HDF inserted.
F2303E5B.HDF inserted.
F2303E5A.HDF inserted.
F2301E9B.txt inserted.
F2301E9A.txt inserted.
F2301E8A.HDF inserted.
F2301E5A.HDF inserted.
F2209E3B.DAT inserted.
F2209E3A.DAT inserted.
F2207E8C.HDF inserted.
F2207E8B.HDF inserted.
F2207E8A.HDF inserted.
F2207E5B.HDF inserted.
F2207E5A.HDF inserted.
F2207E3A.DAT inserted.
F2205E5C.HDF inserted.
F2205E5B.HDF inserted.
F2205E5A.HDF inserted.
F2205E4B.DAT inserted.
F2205E4A.DAT inserted.
F2203E6C.HDF inserted.
F2203E6B.HDF inserted.
F2203E6A.HDF inserted.
F2203E5B.HDF inserted.
F2203E5A.HDF inserted.
F2201E9B.txt inserted.
F2201E9A.txt inserted.
F2201E8A.HDF inserted.
F2201E3B.DAT inserted.
F2201E3A.DAT inserted.
F2111EAG.txt inserted.
F2111EAF.txt inserted.
F2111EAE.txt inserted.
F2111EAD.txt inserted.
F2111EAC.txt inserted.
F2111EAB.txt inserted.
F2111EAA.txt inserted.
F2111E4C.DAT inserted.
F2111E4B.DAT inserted.
F2111E4B (2).DAT inserted.
F2111E4A.DAT inserted.
F2111E4A (2).DAT inserted.
F2109EAA.txt inserted.
F2109E9A.txt inserted.
F2109E8A.HDF inserted.
F2109E5C.HDF inserted.
F2109E5B.HDF inserted.
F2109E5A.HDF inserted.
F2107EAD.txt inserted.
F2107EAC.txt inserted.
F2107EAB.txt inserted.
F2107EAA.txt inserted.
F2107E8A.HDF inserted.
F2107E6A.HDF inserted.
F2105EAC.txt inserted.
F2105EAB.txt inserted.
F2105EAA.txt inserted.
F2105E9A.txt inserted.
F2105E5A.HDF inserted.
F2103EAC.txt inserted.
F2103EAB.txt inserted.
F2103EAA.txt inserted.
F2103E5A.HDF inserted.
F2101EAD.txt inserted.
F2101EAC.txt inserted.
F2101EAB.txt inserted.
F2101EAA.txt inserted.
F2101E4A.DAT inserted.
F2009E8A.HDF inserted.
F2009E5E.HDF inserted.
F2009E5D.HDF inserted.
F2009E5C.HDF inserted.
F2009E5B.HDF inserted.
F2009E5A.HDF inserted.
F2009E4J.DAT inserted.
F2009E4I.DAT inserted.
F2009E4H.DAT inserted.
F2009E4G.DAT inserted.
F2009E4F.DAT inserted.
F2009E4E.DAT inserted.
F2009E4D.DAT inserted.
F2009E4C.DAT inserted.
F2009E4B.DAT inserted.
F2009E4A.DAT inserted.
F2007E6A.HDF inserted.
F2007E4C.DAT inserted.
F2007E4B.DAT inserted.
F2007E4A.DAT inserted.
F2005E9A.txt inserted.
F2005E4A.DAT inserted.
F2005E3A.DAT inserted.
F2003EAB.txt inserted.
F2003EAA.txt inserted.
F2003E9A.txt inserted.
F2003E8A.HDF inserted.
F2003E4A.DAT inserted.
F2001E8A.HDF inserted.
F2001E5B.HDF inserted.
F2001E5A.HDF inserted.
F2001E3A.DAT inserted.
F1909E9L.txt inserted.
F1909E9K.txt inserted.
F1909E9J.txt inserted.
F1909E9I.txt inserted.
F1909E9H.txt inserted.
F1909E9G.txt inserted.
F1909E9F.txt inserted.
F1909E9E.txt inserted.
F1909E9D.txt inserted.
F1909E9C.txt inserted.
F1909E9B.txt inserted.
F1909E9A.txt inserted.
F1907E9I.txt inserted.
F1907E9H.txt inserted.
F1907E9G.txt inserted.
F1907E9F.txt inserted.
F1907E9E.txt inserted.
F1907E9D.txt inserted.
F1907E9C.txt inserted.
F1907E9B.txt inserted.
F1907E9A.txt inserted.
F1905E9I.txt inserted.
F1905E9H.txt inserted.
F1905E9G.txt inserted.
F1905E9F.txt inserted.
F1905E9E.txt inserted.
F1905E9D.txt inserted.
F1905E9C.txt inserted.
F1905E9B.txt inserted.
F1905E9A.txt inserted.
F1905E6A.HDF inserted.
F1903E9J.txt inserted.
F1903E9I.txt inserted.
F1903E9H.txt inserted.
F1903E9G.txt inserted.
F1903E9F.txt inserted.
F1903E9E.txt inserted.
F1903E9D.txt inserted.
F1903E9C.txt inserted.
F1903E9B.txt inserted.
F1903E9A.txt inserted.
F1901E9J.txt inserted.
F1901E9I.txt inserted.
F1901E9H.txt inserted.
F1901E9G.txt inserted.
F1901E9F.txt inserted.
F1901E9E.txt inserted.
F1901E9D.txt inserted.
F1901E9C.txt inserted.
F1901E9B.txt inserted.
F1901E9A.txt inserted.
F1807E9A.txt inserted.
F1805EAA.txt inserted.
F1803EAA.txt inserted.
F1801E9A.txt inserted.
F1707E6B.HDF inserted.
F1707E6A.HDF inserted.
F1707E3A.DAT inserted.
F1705E6B.HDF inserted.
F1705E6A.HDF inserted.
F1705E5A.HDF inserted.
F1703E8A.HDF inserted.
F1703E6C.HDF inserted.
F1703E6B.HDF inserted.
F1703E6A.HDF inserted.
F1701E6D.HDF inserted.
F1701E6C.HDF inserted.
F1701E6B.HDF inserted.
F1701E6A.HDF inserted.
F1607E5E.HDF inserted.
F1607E5D.HDF inserted.
F1607E5C.HDF inserted.
F1607E5B.HDF inserted.
F1607E5A.HDF inserted.
F1605E6C.HDF inserted.
F1605E6B.HDF inserted.
F1605E6A.HDF inserted.
F1605E4A.DAT inserted.
F1603E9B.txt inserted.
F1603E9A.txt inserted.
F1603E6C.HDF inserted.
F1603E6B.HDF inserted.
F1603E6A.HDF inserted.
F1601E9C.txt inserted.
F1601E9B.txt inserted.
F1601E9A.txt inserted.
F1601E4A.DAT inserted.
F1509E3D.DAT inserted.
F1509E3C.DAT inserted.
F1509E3B.DAT inserted.
F1509E3A.DAT inserted.
F1507E6A.HDF inserted.
F1507E5B.HDF inserted.
F1507E5A.HDF inserted.
F1505E6D.HDF inserted.
F1505E6C.HDF inserted.
F1505E6B.HDF inserted.
F1505E6A.HDF inserted.
F1503E6A.HDF inserted.
F1503E3B.DAT inserted.
F1503E3A.DAT inserted.
F1501EH3.DAT inserted.
F1501EG3.DAT inserted.
F1501EF3.DAT inserted.
F1501EE3.DAT inserted.
F1501ED3.DAT inserted.
F1501EC3.DAT inserted.
F1501EB3.DAT inserted.
F1501EA3.DAT inserted.
F1501E5N.HDF inserted.
F1501E5M.HDF inserted.
F1501E5L.HDF inserted.
F1501E5K.HDF inserted.
F1501E5J.HDF inserted.
F1501E5I.HDF inserted.
F1501E5H.HDF inserted.
F1501E5G.HDF inserted.
F1501E5F.HDF inserted.
F1501E5E.HDF inserted.
F1501E5D.HDF inserted.
F1501E5C.HDF inserted.
F1501E5B.HDF inserted.
F1501E5A.HDF inserted.
F1501E4Z.DAT inserted.
F1501E4Y.DAT inserted.
F1501E4X.DAT inserted.
F1501E4W.DAT inserted.
F1501E4V.DAT inserted.
F1501E4U.DAT inserted.
F1501E4T.DAT inserted.
F1501E4S.DAT inserted.
F1501E4R.DAT inserted.
F1501E4Q.DAT inserted.
F1501E4P.DAT inserted.
F1501E4O.DAT inserted.
F1501E4N.DAT inserted.
F1501E4M.DAT inserted.
F1501E4L.DAT inserted.
F1501E4K.DAT inserted.
F1501E4J.DAT inserted.
F1501E4I.DAT inserted.
F1501E4H.DAT inserted.
F1501E4G.DAT inserted.
F1501E4F.DAT inserted.
F1501E4E.DAT inserted.
F1501E4D.DAT inserted.
F1501E4C.DAT inserted.
F1501E4B.DAT inserted.
F1501E4A.DAT inserted.
F1501E41.DAT inserted.
F1501E3Z.DAT inserted.
F1501E3Y.DAT inserted.
F1501E3X.DAT inserted.
F1501E3W.DAT inserted.
F1501E3V.DAT inserted.
F1501E3U.DAT inserted.
F1501E3T.DAT inserted.
F1501E3S.DAT inserted.
F1501E3R.DAT inserted.
F1501E3Q.DAT inserted.
F1501E3P.DAT inserted.
F1501E3N.DAT inserted.
F1501E3M.DAT inserted.
F1501E3L.DAT inserted.
F1501E3K.DAT inserted.
F1501E3J.DAT inserted.
F1501E3I.DAT inserted.
F1501E3H.DAT inserted.
F1501E3G.DAT inserted.
F1501E3F.DAT inserted.
F1501E3E.DAT inserted.
F1501E3D.DAT inserted.
F1501E3C.DAT inserted.
F1501E3B.DAT inserted.
F1501E3A.DAT inserted.
F1107E8B.HDF inserted.
F1107E8A.HDF inserted.
F1107E5A.HDF inserted.
F1105E9A.txt inserted.
F1105E5A.HDF inserted.
F1105E3A.DAT inserted.
F1103E5A.HDF inserted.
F1103E3B.DAT inserted.
F1103E3A.DAT inserted.
F1101E5A.HDF inserted.
F1101E4B.DAT inserted.
F1101E4A.DAT inserted.
F1007E6E.HDF inserted.
F1007E6D.HDF inserted.
F1007E6C.HDF inserted.
F1007E6B.HDF inserted.
F1007E6A.HDF inserted.
F1007E5B.HDF inserted.
F1007E5A.HDF inserted.
F1005E8D.HDF inserted.
F1005E8C.HDF inserted.
F1005E8B.HDF inserted.
F1005E8A.HDF inserted.
F1005E3B.DAT inserted.
F1005E3A.DAT inserted.
F1003E6E.HDF inserted.
F1003E6D.HDF inserted.
F1003E6C.HDF inserted.
F1003E6B.HDF inserted.
F1003E6A.HDF inserted.
F1003E4B.DAT inserted.
F1003E4A.DAT inserted.
F1001E8D.HDF inserted.
F1001E8C.HDF inserted.
F1001E8B.HDF inserted.
F1001E8A.HDF inserted.
F1001E4B.DAT inserted.
F1001E4A.DAT inserted.
