S1111E42.DAT inserted.
S1111E41.DAT inserted.
F3905E9A.txt insertion FAILED. May be same file name already exissts.
F3905E9A (2).txt inserted.
F3711EAB.txt insertion FAILED. May be same file name already exissts.
F3711EAB (2).txt inserted.
F3711EAA.txt insertion FAILED. May be same file name already exissts.
F3711EAA (2).txt inserted.
F3711E6B.HDF inserted.
F3711E6A.HDF insertion FAILED. May be same file name already exissts.
F3709E6D.HDF inserted.
F3709E6C.HDF insertion FAILED. May be same file name already exissts.
F3709E6B.HDF insertion FAILED. May be same file name already exissts.
F3709E6A.HDF insertion FAILED. May be same file name already exissts.
F3707E8E.HDF inserted.
F3707E8B.HDF insertion FAILED. May be same file name already exissts.
F3707E8B (2).HDF inserted.
F3707E8A.HDF insertion FAILED. May be same file name already exissts.
F3707E8A (2).HDF inserted.
F3707E6A.HDF insertion FAILED. May be same file name already exissts.
F3705E8E.HDF inserted.
F3705E6A.HDF insertion FAILED. May be same file name already exissts.
F3705E4A.DAT insertion FAILED. May be same file name already exissts.
F3705E4A (2).DAT inserted.
F3703E6B.HDF inserted.
F3703E6A.HDF insertion FAILED. May be same file name already exissts.
F3703E3A.DAT insertion FAILED. May be same file name already exissts.
F3703E3A (2).DAT inserted.
F3701E6B.HDF inserted.
F3701E6A.HDF insertion FAILED. May be same file name already exissts.
F3701E3A.DAT insertion FAILED. May be same file name already exissts.
F3701E3A (2).DAT inserted.
F3607EAA.txt insertion FAILED. May be same file name already exissts.
F3607EAA (2).txt inserted.
F3603E8E.HDF inserted.
F3601E9A.txt insertion FAILED. May be same file name already exissts.
F3601E9A (2).txt inserted.
F3403E9A.txt insertion FAILED. May be same file name already exissts.
F3403E9A (2).txt inserted.
F3401E3A.DAT insertion FAILED. May be same file name already exissts.
F3401E3A (2).DAT inserted.
F3205E6A.HDF insertion FAILED. May be same file name already exissts.
F3205E6A (2).HDF inserted.
F3205E4A.DAT insertion FAILED. May be same file name already exissts.
F3205E4A (2).DAT inserted.
F3203E6A.HDF insertion FAILED. May be same file name already exissts.
F3203E6A (2).HDF inserted.
F3203E4A.DAT insertion FAILED. May be same file name already exissts.
F3203E4A (2).DAT inserted.
F3201E4A.DAT insertion FAILED. May be same file name already exissts.
F3201E4A (2).DAT inserted.
F3105EAM.txt inserted.
F3103EAZ.txt inserted.
F3103E3B.DAT insertion FAILED. May be same file name already exissts.
F3103E3B (2).DAT inserted.
F3103E3A.DAT insertion FAILED. May be same file name already exissts.
F3103E3A (2).DAT inserted.
F3101EAZ.txt inserted.
F3101E3B.DAT insertion FAILED. May be same file name already exissts.
F3101E3A.DAT insertion FAILED. May be same file name already exissts.
F3007EAZ.txt inserted.
F3007E6B.HDF insertion FAILED. May be same file name already exissts.
F3007E6B (2).HDF inserted.
F3007E6A.HDF insertion FAILED. May be same file name already exissts.
F3007E6A (2).HDF inserted.
F3005EAZ.txt inserted.
F3005E6A.HDF insertion FAILED. May be same file name already exissts.
F3005E6A (2).HDF inserted.
F3005E3B.DAT insertion FAILED. May be same file name already exissts.
F3005E3A.DAT insertion FAILED. May be same file name already exissts.
F3003E6C.HDF inserted.
F3003E6B.HDF insertion FAILED. May be same file name already exissts.
F3003E6B (2).HDF inserted.
F3003E6A.HDF insertion FAILED. May be same file name already exissts.
F3003E6A (2).HDF inserted.
F3001E6C.HDF inserted.
F3001E6B.HDF insertion FAILED. May be same file name already exissts.
F3001E6A.HDF insertion FAILED. May be same file name already exissts.
F2807EAB.txt insertion FAILED. May be same file name already exissts.
F2807EAB (2).txt inserted.
F2807EAA.txt insertion FAILED. May be same file name already exissts.
F2807EAA (2).txt inserted.
F2807E9E.txt inserted.
F2807E9D.txt insertion FAILED. May be same file name already exissts.
F2807E9C.txt insertion FAILED. May be same file name already exissts.
F2807E9B.txt insertion FAILED. May be same file name already exissts.
F2807E9A.txt insertion FAILED. May be same file name already exissts.
F2805E8E.HDF inserted.
F2805E6A.HDF insertion FAILED. May be same file name already exissts.
F2805E6A (2).HDF inserted.
F2805E5A.HDF insertion FAILED. May be same file name already exissts.
F2805E5A (2).HDF inserted.
F2803E9Y.txt inserted.
F2803E5A.HDF insertion FAILED. May be same file name already exissts.
F2803E5A (2).HDF inserted.
F2803E4A.DAT insertion FAILED. May be same file name already exissts.
F2803E4A (2).DAT inserted.
F2801EAA.txt inserted.
F2801E9A.txt insertion FAILED. May be same file name already exissts.
F2801E9A (2).txt inserted.
F2801E3A.DAT insertion FAILED. May be same file name already exissts.
F2801E3A (2).DAT inserted.
F2709EAM.txt inserted.
F2709E9A.txt insertion FAILED. May be same file name already exissts.
F2709E9A (2).txt inserted.
F2709E8A.HDF insertion FAILED. May be same file name already exissts.
F2709E8A (2).HDF inserted.
F2709E6B.HDF insertion FAILED. May be same file name already exissts.
F2709E6A.HDF insertion FAILED. May be same file name already exissts.
F2707EAA.txt inserted.
F2707E5C.HDF insertion FAILED. May be same file name already exissts.
F2707E5B.HDF insertion FAILED. May be same file name already exissts.
F2707E5A.HDF insertion FAILED. May be same file name already exissts.
F2707E4A.DAT insertion FAILED. May be same file name already exissts.
F2707E4A (2).DAT inserted.
F2705E9A.txt insertion FAILED. May be same file name already exissts.
F2705E9A (2).txt inserted.
F2705E8E.HDF inserted.
F2705E4A.DAT insertion FAILED. May be same file name already exissts.
F2703EAB.txt inserted.
F2703EAA.txt inserted.
F2703E6A.HDF insertion FAILED. May be same file name already exissts.
F2703E6A (2).HDF inserted.
F2703E3A.DAT insertion FAILED. May be same file name already exissts.
F2703E3A (2).DAT inserted.
F2701EAZ.txt inserted.
F2701EAM.txt inserted.
F2701E6A.HDF insertion FAILED. May be same file name already exissts.
F2701E6A (2).HDF inserted.
F2701E4A.DAT insertion FAILED. May be same file name already exissts.
F2701E4A (2).DAT inserted.
F2701E1A.DAT inserted.
F2609EAK.txt inserted.
F2609EAJ.txt insertion FAILED. May be same file name already exissts.
F2609EAI.txt insertion FAILED. May be same file name already exissts.
F2609EAH.txt insertion FAILED. May be same file name already exissts.
F2609EAG.txt insertion FAILED. May be same file name already exissts.
F2609EAF.txt insertion FAILED. May be same file name already exissts.
F2609EAE.txt insertion FAILED. May be same file name already exissts.
F2609EAD.txt insertion FAILED. May be same file name already exissts.
F2609EAC.txt insertion FAILED. May be same file name already exissts.
F2609EAB.txt insertion FAILED. May be same file name already exissts.
F2609EAA.txt insertion FAILED. May be same file name already exissts.
F2607EAI.txt insertion FAILED. May be same file name already exissts.
F2607EAH.txt insertion FAILED. May be same file name already exissts.
F2607EAG.txt insertion FAILED. May be same file name already exissts.
F2607EAF.txt insertion FAILED. May be same file name already exissts.
F2607EAE.txt insertion FAILED. May be same file name already exissts.
F2607EAD.txt insertion FAILED. May be same file name already exissts.
F2607EAC.txt insertion FAILED. May be same file name already exissts.
F2607EAB.txt insertion FAILED. May be same file name already exissts.
F2607EAA.txt insertion FAILED. May be same file name already exissts.
F2607E6B.HDF inserted.
F2607E6A.HDF inserted.
F2605EAI.txt insertion FAILED. May be same file name already exissts.
F2605EAH.txt insertion FAILED. May be same file name already exissts.
F2605EAG.txt insertion FAILED. May be same file name already exissts.
F2605EAF.txt insertion FAILED. May be same file name already exissts.
F2605EAE.txt insertion FAILED. May be same file name already exissts.
F2605EAD.txt insertion FAILED. May be same file name already exissts.
F2605EAC.txt insertion FAILED. May be same file name already exissts.
F2605EAB.txt insertion FAILED. May be same file name already exissts.
F2605EAA.txt insertion FAILED. May be same file name already exissts.
F2605E6B.HDF inserted.
F2605E6A.HDF inserted.
F2603EAD.txt insertion FAILED. May be same file name already exissts.
F2603EAC.txt insertion FAILED. May be same file name already exissts.
F2603EAB.txt insertion FAILED. May be same file name already exissts.
F2603EAA.txt insertion FAILED. May be same file name already exissts.
F2603E5E.HDF insertion FAILED. May be same file name already exissts.
F2603E5D.HDF insertion FAILED. May be same file name already exissts.
F2603E5C.HDF insertion FAILED. May be same file name already exissts.
F2603E5B.HDF insertion FAILED. May be same file name already exissts.
F2603E5A.HDF insertion FAILED. May be same file name already exissts.
F2603E3B.DAT inserted.
F2603E3A.DAT inserted.
F2601EAJ.txt insertion FAILED. May be same file name already exissts.
F2601EAH.txt insertion FAILED. May be same file name already exissts.
F2601EAG.txt insertion FAILED. May be same file name already exissts.
F2601EAF.txt insertion FAILED. May be same file name already exissts.
F2601EAE.txt insertion FAILED. May be same file name already exissts.
F2601EAD.txt insertion FAILED. May be same file name already exissts.
F2601EAC.txt insertion FAILED. May be same file name already exissts.
F2601EAB.txt insertion FAILED. May be same file name already exissts.
F2601EAA.txt insertion FAILED. May be same file name already exissts.
F2601E3B.DAT inserted.
F2601E3A.DAT inserted.
F2509E9F.txt inserted.
F2509E9E.txt insertion FAILED. May be same file name already exissts.
F2509E9D.txt insertion FAILED. May be same file name already exissts.
F2509E9C.txt insertion FAILED. May be same file name already exissts.
F2509E9B.txt insertion FAILED. May be same file name already exissts.
F2509E9A.txt insertion FAILED. May be same file name already exissts.
F2509E6B.HDF insertion FAILED. May be same file name already exissts.
F2509E6A.HDF insertion FAILED. May be same file name already exissts.
F2509E4B.DAT insertion FAILED. May be same file name already exissts.
F2509E4A.DAT insertion FAILED. May be same file name already exissts.
F2507E9G.txt insertion FAILED. May be same file name already exissts.
F2507E9F.txt insertion FAILED. May be same file name already exissts.
F2507E9E.txt insertion FAILED. May be same file name already exissts.
F2507E9D.txt insertion FAILED. May be same file name already exissts.
F2507E9C.txt insertion FAILED. May be same file name already exissts.
F2507E9B.txt insertion FAILED. May be same file name already exissts.
F2507E9A.txt insertion FAILED. May be same file name already exissts.
F2507E8A.HDF insertion FAILED. May be same file name already exissts.
F2507E5B.HDF inserted.
F2507E5A.HDF inserted.
F2507E4B.DAT insertion FAILED. May be same file name already exissts.
F2507E4A.DAT insertion FAILED. May be same file name already exissts.
F2505EAG.txt insertion FAILED. May be same file name already exissts.
F2505EAG (2).txt inserted.
F2505EAF.txt insertion FAILED. May be same file name already exissts.
F2505EAF (2).txt inserted.
F2505EAE.txt insertion FAILED. May be same file name already exissts.
F2505EAD.txt insertion FAILED. May be same file name already exissts.
F2505EAC.txt insertion FAILED. May be same file name already exissts.
F2505EAB.txt insertion FAILED. May be same file name already exissts.
F2505EAA.txt insertion FAILED. May be same file name already exissts.
F2505E4M.DAT inserted.
F2505E3C.DAT insertion FAILED. May be same file name already exissts.
F2505E3B.DAT insertion FAILED. May be same file name already exissts.
F2505E3A.DAT insertion FAILED. May be same file name already exissts.
F2503EAH.txt inserted.
F2503EAG.txt insertion FAILED. May be same file name already exissts.
F2503EAF.txt insertion FAILED. May be same file name already exissts.
F2503EAE.txt insertion FAILED. May be same file name already exissts.
F2503EAD.txt insertion FAILED. May be same file name already exissts.
F2503EAC.txt insertion FAILED. May be same file name already exissts.
F2503EAB.txt insertion FAILED. May be same file name already exissts.
F2503EAA.txt insertion FAILED. May be same file name already exissts.
F2503E3D.DAT insertion FAILED. May be same file name already exissts.
F2503E3C.DAT insertion FAILED. May be same file name already exissts.
F2503E3B.DAT insertion FAILED. May be same file name already exissts.
F2503E3A.DAT insertion FAILED. May be same file name already exissts.
F2501EAH.txt insertion FAILED. May be same file name already exissts.
F2501EAH (2).txt inserted.
F2501EAG.txt insertion FAILED. May be same file name already exissts.
F2501EAG (2).txt inserted.
F2501EAF.txt insertion FAILED. May be same file name already exissts.
F2501EAE.txt insertion FAILED. May be same file name already exissts.
F2501EAD.txt insertion FAILED. May be same file name already exissts.
F2501EAC.txt insertion FAILED. May be same file name already exissts.
F2501EAB.txt insertion FAILED. May be same file name already exissts.
F2501EAA.txt insertion FAILED. May be same file name already exissts.
F2501E9B.txt insertion FAILED. May be same file name already exissts.
F2501E9A.txt insertion FAILED. May be same file name already exissts.
F2501E4M.DAT inserted.
F2409EAA.txt inserted.
F2409E9A.txt insertion FAILED. May be same file name already exissts.
F2407E6A.HDF insertion FAILED. May be same file name already exissts.
F2405EAM.txt inserted.
F2405E5A.HDF insertion FAILED. May be same file name already exissts.
F2403E9A.txt insertion FAILED. May be same file name already exissts.
F2403E9A (2).txt inserted.
F2401EAA.txt insertion FAILED. May be same file name already exissts.
F2309E9A.txt insertion FAILED. May be same file name already exissts.
F2309E9A (2).txt inserted.
F2309E8A.HDF insertion FAILED. May be same file name already exissts.
F2309E8A (2).HDF inserted.
F2309E5B.HDF insertion FAILED. May be same file name already exissts.
F2309E5A.HDF insertion FAILED. May be same file name already exissts.
F2307E5C.HDF insertion FAILED. May be same file name already exissts.
F2307E5C (2).HDF inserted.
F2307E5B.HDF insertion FAILED. May be same file name already exissts.
F2307E5A.HDF insertion FAILED. May be same file name already exissts.
F2307E3A.DAT insertion FAILED. May be same file name already exissts.
F2307E3A (2).DAT inserted.
F2305E8B.HDF insertion FAILED. May be same file name already exissts.
F2305E8B (2).HDF inserted.
F2305E8A.HDF insertion FAILED. May be same file name already exissts.
F2305E8A (2).HDF inserted.
F2305E5B.HDF insertion FAILED. May be same file name already exissts.
F2305E5A.HDF insertion FAILED. May be same file name already exissts.
F2303E9A.txt insertion FAILED. May be same file name already exissts.
F2303E9A (2).txt inserted.
F2303E5C.HDF insertion FAILED. May be same file name already exissts.
F2303E5C (2).HDF inserted.
F2303E5B.HDF insertion FAILED. May be same file name already exissts.
F2303E5A.HDF insertion FAILED. May be same file name already exissts.
F2301E9B.txt insertion FAILED. May be same file name already exissts.
F2301E9B (2).txt inserted.
F2301E9A.txt insertion FAILED. May be same file name already exissts.
F2301E9A (2).txt inserted.
F2301E8A.HDF insertion FAILED. May be same file name already exissts.
F2301E8A (2).HDF inserted.
F2301E5A.HDF insertion FAILED. May be same file name already exissts.
F2301E5A (2).HDF inserted.
F2209EAM.txt inserted.
F2209E3B.DAT insertion FAILED. May be same file name already exissts.
F2209E3B (2).DAT inserted.
F2209E3A.DAT insertion FAILED. May be same file name already exissts.
F2209E3A (2).DAT inserted.
F2207E8C.HDF insertion FAILED. May be same file name already exissts.
F2207E8B.HDF insertion FAILED. May be same file name already exissts.
F2207E8A.HDF insertion FAILED. May be same file name already exissts.
F2207E5B.HDF insertion FAILED. May be same file name already exissts.
F2207E5B (2).HDF inserted.
F2207E5A.HDF insertion FAILED. May be same file name already exissts.
F2207E5A (2).HDF inserted.
F2207E3A.DAT insertion FAILED. May be same file name already exissts.
F2207E3A (2).DAT inserted.
F2207E1A.DAT inserted.
F2205E5C.HDF insertion FAILED. May be same file name already exissts.
F2205E5B.HDF insertion FAILED. May be same file name already exissts.
F2205E5A.HDF insertion FAILED. May be same file name already exissts.
F2205E4B.DAT insertion FAILED. May be same file name already exissts.
F2205E4B (2).DAT inserted.
F2205E4A.DAT insertion FAILED. May be same file name already exissts.
F2205E4A (2).DAT inserted.
F2205E1A.DAT inserted.
F2203E6D.HDF inserted.
F2203E6C.HDF insertion FAILED. May be same file name already exissts.
F2203E6B.HDF insertion FAILED. May be same file name already exissts.
F2203E6A.HDF insertion FAILED. May be same file name already exissts.
F2203E5B.HDF insertion FAILED. May be same file name already exissts.
F2203E5B (2).HDF inserted.
F2203E5A.HDF insertion FAILED. May be same file name already exissts.
F2203E5A (2).HDF inserted.
F2201E9B.txt insertion FAILED. May be same file name already exissts.
F2201E9A.txt insertion FAILED. May be same file name already exissts.
F2201E8A.HDF insertion FAILED. May be same file name already exissts.
F2201E3W.DAT inserted.
F2201E3B.DAT insertion FAILED. May be same file name already exissts.
F2201E3A.DAT insertion FAILED. May be same file name already exissts.
F21O1E8E.HDF inserted.
F2111EAG.txt insertion FAILED. May be same file name already exissts.
F2111EAF.txt insertion FAILED. May be same file name already exissts.
F2111EAE.txt insertion FAILED. May be same file name already exissts.
F2111EAD.txt insertion FAILED. May be same file name already exissts.
F2111EAC.txt insertion FAILED. May be same file name already exissts.
F2111EAB.txt insertion FAILED. May be same file name already exissts.
F2111EAA.txt insertion FAILED. May be same file name already exissts.
F2111E9A.txt inserted.
F2111E4C.DAT insertion FAILED. May be same file name already exissts.
F2111E4B.DAT insertion FAILED. May be same file name already exissts.
F2111E4B (3).DAT inserted.
F2111E4B (2).DAT insertion FAILED. May be same file name already exissts.
F2111E4A.DAT insertion FAILED. May be same file name already exissts.
F2111E4A (3).DAT inserted.
F2111E4A (2).DAT insertion FAILED. May be same file name already exissts.
F2109EAM.txt inserted.
F2109EAA.txt insertion FAILED. May be same file name already exissts.
F2109EAA (2).txt inserted.
F2109E9A.txt insertion FAILED. May be same file name already exissts.
F2109E9A (2).txt inserted.
F2109E8A.HDF insertion FAILED. May be same file name already exissts.
F2109E8A (2).HDF inserted.
F2109E5C.HDF insertion FAILED. May be same file name already exissts.
F2109E5C (2).HDF inserted.
F2109E5B.HDF insertion FAILED. May be same file name already exissts.
F2109E5A.HDF insertion FAILED. May be same file name already exissts.
F2107EAD.txt insertion FAILED. May be same file name already exissts.
F2107EAD (2).txt inserted.
F2107EAC.txt insertion FAILED. May be same file name already exissts.
F2107EAB.txt insertion FAILED. May be same file name already exissts.
F2107EAA.txt insertion FAILED. May be same file name already exissts.
F2107E9Y.txt inserted.
F2107E8A.HDF insertion FAILED. May be same file name already exissts.
F2107E8A (2).HDF inserted.
F2107E6A.HDF insertion FAILED. May be same file name already exissts.
F2107E6A (2).HDF inserted.
F2105EAM.txt inserted.
F2105EAC.txt insertion FAILED. May be same file name already exissts.
F2105EAC (2).txt inserted.
F2105EAB.txt insertion FAILED. May be same file name already exissts.
F2105EAA.txt insertion FAILED. May be same file name already exissts.
F2105E9A.txt insertion FAILED. May be same file name already exissts.
F2105E9A (2).txt inserted.
F2105E5A.HDF insertion FAILED. May be same file name already exissts.
F2105E5A (2).HDF inserted.
F2103EAD.txt inserted.
F2103EAC.txt insertion FAILED. May be same file name already exissts.
F2103EAC (2).txt inserted.
F2103EAB.txt insertion FAILED. May be same file name already exissts.
F2103EAA.txt insertion FAILED. May be same file name already exissts.
F2103E5A.HDF insertion FAILED. May be same file name already exissts.
F2103E5A (2).HDF inserted.
F2101EAD.txt insertion FAILED. May be same file name already exissts.
F2101EAD (2).txt inserted.
F2101EAC.txt insertion FAILED. May be same file name already exissts.
F2101EAB.txt insertion FAILED. May be same file name already exissts.
F2101EAA.txt insertion FAILED. May be same file name already exissts.
F2101E4A.DAT insertion FAILED. May be same file name already exissts.
F2101E4A (2).DAT inserted.
F2009E8A.HDF insertion FAILED. May be same file name already exissts.
F2009E5G.HDF inserted.
F2009E5F.HDF inserted.
F2009E5E.HDF insertion FAILED. May be same file name already exissts.
F2009E5D.HDF insertion FAILED. May be same file name already exissts.
F2009E5C.HDF insertion FAILED. May be same file name already exissts.
F2009E5B.HDF insertion FAILED. May be same file name already exissts.
F2009E5A.HDF insertion FAILED. May be same file name already exissts.
F2009E4J.DAT insertion FAILED. May be same file name already exissts.
F2009E4I.DAT insertion FAILED. May be same file name already exissts.
F2009E4H.DAT insertion FAILED. May be same file name already exissts.
F2009E4G.DAT insertion FAILED. May be same file name already exissts.
F2009E4F.DAT insertion FAILED. May be same file name already exissts.
F2009E4E.DAT insertion FAILED. May be same file name already exissts.
F2009E4D.DAT insertion FAILED. May be same file name already exissts.
F2009E4C.DAT insertion FAILED. May be same file name already exissts.
F2009E4B.DAT insertion FAILED. May be same file name already exissts.
F2009E4A.DAT insertion FAILED. May be same file name already exissts.
F2007E8E.HDF inserted.
F2007E6A.HDF insertion FAILED. May be same file name already exissts.
F2007E6A (2).HDF inserted.
F2007E4C.DAT insertion FAILED. May be same file name already exissts.
F2007E4C (2).DAT inserted.
F2007E4B.DAT insertion FAILED. May be same file name already exissts.
F2007E4A.DAT insertion FAILED. May be same file name already exissts.
F2005E9Y.txt inserted.
F2005E9A.txt insertion FAILED. May be same file name already exissts.
F2005E9A (2).txt inserted.
F2005E4A.DAT insertion FAILED. May be same file name already exissts.
F2005E4A (2).DAT inserted.
F2005E3A.DAT insertion FAILED. May be same file name already exissts.
F2005E1A.DAT inserted.
F2003EAB.txt insertion FAILED. May be same file name already exissts.
F2003EAA.txt insertion FAILED. May be same file name already exissts.
F2003E9A.txt insertion FAILED. May be same file name already exissts.
F2003E8E.HDF inserted.
F2003E8A.HDF insertion FAILED. May be same file name already exissts.
F2003E4A.DAT insertion FAILED. May be same file name already exissts.
F2003E4A (2).DAT inserted.
F2001E9Z.txt inserted.
F2001E8A.HDF insertion FAILED. May be same file name already exissts.
F2001E8A (2).HDF inserted.
F2001E5B.HDF insertion FAILED. May be same file name already exissts.
F2001E5A.HDF insertion FAILED. May be same file name already exissts.
F2001E3A.DAT insertion FAILED. May be same file name already exissts.
F2001E3A (2).DAT inserted.
F1909E9L.txt insertion FAILED. May be same file name already exissts.
F1909E9K.txt insertion FAILED. May be same file name already exissts.
F1909E9J.txt insertion FAILED. May be same file name already exissts.
F1909E9I.txt insertion FAILED. May be same file name already exissts.
F1909E9H.txt insertion FAILED. May be same file name already exissts.
F1909E9G.txt insertion FAILED. May be same file name already exissts.
F1909E9F.txt insertion FAILED. May be same file name already exissts.
F1909E9E.txt insertion FAILED. May be same file name already exissts.
F1909E9D.txt insertion FAILED. May be same file name already exissts.
F1909E9C.txt insertion FAILED. May be same file name already exissts.
F1909E9B.txt insertion FAILED. May be same file name already exissts.
F1909E9A.txt insertion FAILED. May be same file name already exissts.
F1909E5A.HDF inserted.
F1907E9I.txt insertion FAILED. May be same file name already exissts.
F1907E9H.txt insertion FAILED. May be same file name already exissts.
F1907E9G.txt insertion FAILED. May be same file name already exissts.
F1907E9F.txt insertion FAILED. May be same file name already exissts.
F1907E9E.txt insertion FAILED. May be same file name already exissts.
F1907E9D.txt insertion FAILED. May be same file name already exissts.
F1907E9C.txt insertion FAILED. May be same file name already exissts.
F1907E9B.txt insertion FAILED. May be same file name already exissts.
F1907E9A.txt insertion FAILED. May be same file name already exissts.
F1907E4M.DAT inserted.
F1905E9J.txt inserted.
F1905E9I.txt insertion FAILED. May be same file name already exissts.
F1905E9H.txt insertion FAILED. May be same file name already exissts.
F1905E9G.txt insertion FAILED. May be same file name already exissts.
F1905E9F.txt insertion FAILED. May be same file name already exissts.
F1905E9E.txt insertion FAILED. May be same file name already exissts.
F1905E9D.txt insertion FAILED. May be same file name already exissts.
F1905E9C.txt insertion FAILED. May be same file name already exissts.
F1905E9B.txt insertion FAILED. May be same file name already exissts.
F1905E9A.txt insertion FAILED. May be same file name already exissts.
F1905E6A.HDF insertion FAILED. May be same file name already exissts.
F1905E6A (2).HDF inserted.
F1903E9J.txt insertion FAILED. May be same file name already exissts.
F1903E9I.txt insertion FAILED. May be same file name already exissts.
F1903E9H.txt insertion FAILED. May be same file name already exissts.
F1903E9G.txt insertion FAILED. May be same file name already exissts.
F1903E9F.txt insertion FAILED. May be same file name already exissts.
F1903E9E.txt insertion FAILED. May be same file name already exissts.
F1903E9D.txt insertion FAILED. May be same file name already exissts.
F1903E9C.txt insertion FAILED. May be same file name already exissts.
F1903E9B.txt insertion FAILED. May be same file name already exissts.
F1903E9A.txt insertion FAILED. May be same file name already exissts.
F1903E8E.HDF inserted.
F1901EAA.txt inserted.
F1901E9J.txt insertion FAILED. May be same file name already exissts.
F1901E9I.txt insertion FAILED. May be same file name already exissts.
F1901E9H.txt insertion FAILED. May be same file name already exissts.
F1901E9G.txt insertion FAILED. May be same file name already exissts.
F1901E9F.txt insertion FAILED. May be same file name already exissts.
F1901E9E.txt insertion FAILED. May be same file name already exissts.
F1901E9D.txt insertion FAILED. May be same file name already exissts.
F1901E9C.txt insertion FAILED. May be same file name already exissts.
F1901E9B.txt insertion FAILED. May be same file name already exissts.
F1901E9A.txt insertion FAILED. May be same file name already exissts.
F1807EAA.txt inserted.
F1807E9A.txt insertion FAILED. May be same file name already exissts.
F1807E9A (2).txt inserted.
F1805EAM.txt inserted.
F1805EAA.txt insertion FAILED. May be same file name already exissts.
F1805EAA (2).txt inserted.
F1803EAM.txt inserted.
F1803EAA.txt insertion FAILED. May be same file name already exissts.
F1803EAA (2).txt inserted.
F1801E9A.txt insertion FAILED. May be same file name already exissts.
F1801E9A (2).txt inserted.
F1801E8E.HDF inserted.
F1707E8E.HDF inserted.
F1707E6B.HDF insertion FAILED. May be same file name already exissts.
F1707E6A.HDF insertion FAILED. May be same file name already exissts.
F1707E3A.DAT insertion FAILED. May be same file name already exissts.
F1707E3A (2).DAT inserted.
F1705E6B.HDF insertion FAILED. May be same file name already exissts.
F1705E6A.HDF insertion FAILED. May be same file name already exissts.
F1705E5A.HDF insertion FAILED. May be same file name already exissts.
F1705E5A (2).HDF inserted.
F1703E8E.HDF inserted.
F1703E8A.HDF insertion FAILED. May be same file name already exissts.
F1703E8A (2).HDF inserted.
F1703E6C.HDF insertion FAILED. May be same file name already exissts.
F1703E6B.HDF insertion FAILED. May be same file name already exissts.
F1703E6A.HDF insertion FAILED. May be same file name already exissts.
F1701E8E.HDF inserted.
F1701E6D.HDF insertion FAILED. May be same file name already exissts.
F1701E6D (2).HDF inserted.
F1701E6C.HDF insertion FAILED. May be same file name already exissts.
F1701E6B.HDF insertion FAILED. May be same file name already exissts.
F1701E6A.HDF insertion FAILED. May be same file name already exissts.
F1607EAA.txt inserted.
F1607E5E.HDF insertion FAILED. May be same file name already exissts.
F1607E5E (2).HDF inserted.
F1607E5D.HDF insertion FAILED. May be same file name already exissts.
F1607E5C.HDF insertion FAILED. May be same file name already exissts.
F1607E5B.HDF insertion FAILED. May be same file name already exissts.
F1607E5A.HDF insertion FAILED. May be same file name already exissts.
F1605EAA.txt inserted.
F1605E6C.HDF insertion FAILED. May be same file name already exissts.
F1605E6B.HDF insertion FAILED. May be same file name already exissts.
F1605E6A.HDF insertion FAILED. May be same file name already exissts.
F1605E4A.DAT insertion FAILED. May be same file name already exissts.
F1605E4A (2).DAT inserted.
F1603EAA.txt inserted.
F1603E9B.txt insertion FAILED. May be same file name already exissts.
F1603E9A.txt insertion FAILED. May be same file name already exissts.
F1603E6C.HDF insertion FAILED. May be same file name already exissts.
F1603E6C (2).HDF inserted.
F1603E6B.HDF insertion FAILED. May be same file name already exissts.
F1603E6A.HDF insertion FAILED. May be same file name already exissts.
F1601E9C.txt insertion FAILED. May be same file name already exissts.
F1601E9B.txt insertion FAILED. May be same file name already exissts.
F1601E9A.txt insertion FAILED. May be same file name already exissts.
F1601E8E.HDF inserted.
F1601E4A.DAT insertion FAILED. May be same file name already exissts.
F1601E4A (2).DAT inserted.
F15O1E8E.HDF inserted.
F15O1E8D.HDF inserted.
F1509E9Z.txt inserted.
F1509E3D.DAT insertion FAILED. May be same file name already exissts.
F1509E3C.DAT insertion FAILED. May be same file name already exissts.
F1509E3B.DAT insertion FAILED. May be same file name already exissts.
F1509E3A.DAT insertion FAILED. May be same file name already exissts.
F1507E9Z.txt inserted.
F1507E6A.HDF insertion FAILED. May be same file name already exissts.
F1507E6A (2).HDF inserted.
F1507E5B.HDF insertion FAILED. May be same file name already exissts.
F1507E5A.HDF insertion FAILED. May be same file name already exissts.
F1505EAA.txt inserted.
F1505E6D.HDF insertion FAILED. May be same file name already exissts.
F1505E6D (2).HDF inserted.
F1505E6C.HDF insertion FAILED. May be same file name already exissts.
F1505E6B.HDF insertion FAILED. May be same file name already exissts.
F1505E6A.HDF insertion FAILED. May be same file name already exissts.
F1503E9Z.txt inserted.
F1503E6A.HDF insertion FAILED. May be same file name already exissts.
F1503E3B.DAT insertion FAILED. May be same file name already exissts.
F1503E3A.DAT insertion FAILED. May be same file name already exissts.
F1501EH3.DAT insertion FAILED. May be same file name already exissts.
F1501EG3.DAT insertion FAILED. May be same file name already exissts.
F1501EF3.DAT insertion FAILED. May be same file name already exissts.
F1501EE3.DAT insertion FAILED. May be same file name already exissts.
F1501ED3.DAT insertion FAILED. May be same file name already exissts.
F1501EC3.DAT insertion FAILED. May be same file name already exissts.
F1501EB3.DAT insertion FAILED. May be same file name already exissts.
F1501EA3.DAT insertion FAILED. May be same file name already exissts.
F1501E9Z.txt inserted.
F1501E8C.HDF inserted.
F1501E8B.HDF inserted.
F1501E8A.HDF inserted.
F1501E5N.HDF insertion FAILED. May be same file name already exissts.
F1501E5M.HDF insertion FAILED. May be same file name already exissts.
F1501E5L.HDF insertion FAILED. May be same file name already exissts.
F1501E5K.HDF insertion FAILED. May be same file name already exissts.
F1501E5J.HDF insertion FAILED. May be same file name already exissts.
F1501E5I.HDF insertion FAILED. May be same file name already exissts.
F1501E5H.HDF insertion FAILED. May be same file name already exissts.
F1501E5G.HDF insertion FAILED. May be same file name already exissts.
F1501E5F.HDF insertion FAILED. May be same file name already exissts.
F1501E5E.HDF insertion FAILED. May be same file name already exissts.
F1501E5D.HDF insertion FAILED. May be same file name already exissts.
F1501E5C.HDF insertion FAILED. May be same file name already exissts.
F1501E5B.HDF insertion FAILED. May be same file name already exissts.
F1501E5A.HDF insertion FAILED. May be same file name already exissts.
F1501E4Z.DAT insertion FAILED. May be same file name already exissts.
F1501E4Y.DAT insertion FAILED. May be same file name already exissts.
F1501E4X.DAT insertion FAILED. May be same file name already exissts.
F1501E4W.DAT insertion FAILED. May be same file name already exissts.
F1501E4V.DAT insertion FAILED. May be same file name already exissts.
F1501E4U.DAT insertion FAILED. May be same file name already exissts.
F1501E4T.DAT insertion FAILED. May be same file name already exissts.
F1501E4S.DAT insertion FAILED. May be same file name already exissts.
F1501E4R.DAT insertion FAILED. May be same file name already exissts.
F1501E4Q.DAT insertion FAILED. May be same file name already exissts.
F1501E4P.DAT insertion FAILED. May be same file name already exissts.
F1501E4O.DAT insertion FAILED. May be same file name already exissts.
F1501E4N.DAT insertion FAILED. May be same file name already exissts.
F1501E4M.DAT insertion FAILED. May be same file name already exissts.
F1501E4L.DAT insertion FAILED. May be same file name already exissts.
F1501E4K.DAT insertion FAILED. May be same file name already exissts.
F1501E4J.DAT insertion FAILED. May be same file name already exissts.
F1501E4I.DAT insertion FAILED. May be same file name already exissts.
F1501E4H.DAT insertion FAILED. May be same file name already exissts.
F1501E4G.DAT insertion FAILED. May be same file name already exissts.
F1501E4F.DAT insertion FAILED. May be same file name already exissts.
F1501E4E.DAT insertion FAILED. May be same file name already exissts.
F1501E4D.DAT insertion FAILED. May be same file name already exissts.
F1501E4C.DAT insertion FAILED. May be same file name already exissts.
F1501E4B.DAT insertion FAILED. May be same file name already exissts.
F1501E4A.DAT insertion FAILED. May be same file name already exissts.
F1501E41.DAT insertion FAILED. May be same file name already exissts.
F1501E3Z.DAT insertion FAILED. May be same file name already exissts.
F1501E3Y.DAT insertion FAILED. May be same file name already exissts.
F1501E3X.DAT insertion FAILED. May be same file name already exissts.
F1501E3W.DAT insertion FAILED. May be same file name already exissts.
F1501E3V.DAT insertion FAILED. May be same file name already exissts.
F1501E3U.DAT insertion FAILED. May be same file name already exissts.
F1501E3T.DAT insertion FAILED. May be same file name already exissts.
F1501E3S.DAT insertion FAILED. May be same file name already exissts.
F1501E3R.DAT insertion FAILED. May be same file name already exissts.
F1501E3Q.DAT insertion FAILED. May be same file name already exissts.
F1501E3P.DAT insertion FAILED. May be same file name already exissts.
F1501E3N.DAT insertion FAILED. May be same file name already exissts.
F1501E3M.DAT insertion FAILED. May be same file name already exissts.
F1501E3L.DAT insertion FAILED. May be same file name already exissts.
F1501E3K.DAT insertion FAILED. May be same file name already exissts.
F1501E3J.DAT insertion FAILED. May be same file name already exissts.
F1501E3I.DAT insertion FAILED. May be same file name already exissts.
F1501E3H.DAT insertion FAILED. May be same file name already exissts.
F1501E3G.DAT insertion FAILED. May be same file name already exissts.
F1501E3F.DAT insertion FAILED. May be same file name already exissts.
F1501E3E.DAT insertion FAILED. May be same file name already exissts.
F1501E3D.DAT insertion FAILED. May be same file name already exissts.
F1501E3C.DAT insertion FAILED. May be same file name already exissts.
F1501E3B.DAT insertion FAILED. May be same file name already exissts.
F1501E3A.DAT insertion FAILED. May be same file name already exissts.
F1501E1C.DAT inserted.
F1501E1B.DAT inserted.
F1501E1A.DAT inserted.
F1303E8E.HDF inserted.
F1111EA1.txt inserted.
F1111E3D.DAT inserted.
F1111E3B.DAT inserted.
F1111E3A.DAT inserted.
F1107E8E.HDF inserted.
F1107E8B.HDF insertion FAILED. May be same file name already exissts.
F1107E8A.HDF insertion FAILED. May be same file name already exissts.
F1107E5A.HDF insertion FAILED. May be same file name already exissts.
F1107E5A (2).HDF inserted.
F1105E9A.txt insertion FAILED. May be same file name already exissts.
F1105E9A (2).txt inserted.
F1105E5A.HDF insertion FAILED. May be same file name already exissts.
F1105E5A (2).HDF inserted.
F1105E3A.DAT insertion FAILED. May be same file name already exissts.
F1105E3A (2).DAT inserted.
F1103EAA.txt inserted.
F1103E5A.HDF insertion FAILED. May be same file name already exissts.
F1103E5A (2).HDF inserted.
F1103E3B.DAT insertion FAILED. May be same file name already exissts.
F1103E3A.DAT insertion FAILED. May be same file name already exissts.
F1101EAA.txt inserted.
F1101E8E.HDF inserted.
F1101E5A.HDF insertion FAILED. May be same file name already exissts.
F1101E5A (2).HDF inserted.
F1101E4B.DAT insertion FAILED. May be same file name already exissts.
F1101E4A.DAT insertion FAILED. May be same file name already exissts.
F1007E9A.txt inserted.
F1007E6E.HDF insertion FAILED. May be same file name already exissts.
F1007E6D.HDF insertion FAILED. May be same file name already exissts.
F1007E6C.HDF insertion FAILED. May be same file name already exissts.
F1007E6B.HDF insertion FAILED. May be same file name already exissts.
F1007E6A.HDF insertion FAILED. May be same file name already exissts.
F1007E5B.HDF insertion FAILED. May be same file name already exissts.
F1007E5B (2).HDF inserted.
F1007E5A.HDF insertion FAILED. May be same file name already exissts.
F1007E5A (2).HDF inserted.
F1005EAA.txt inserted.
F1005E8D.HDF insertion FAILED. May be same file name already exissts.
F1005E8C.HDF insertion FAILED. May be same file name already exissts.
F1005E8B.HDF insertion FAILED. May be same file name already exissts.
F1005E8A.HDF insertion FAILED. May be same file name already exissts.
F1005E3B.DAT insertion FAILED. May be same file name already exissts.
F1005E3A.DAT insertion FAILED. May be same file name already exissts.
F1003E9A.txt inserted.
F1003E6E.HDF insertion FAILED. May be same file name already exissts.
F1003E6D.HDF insertion FAILED. May be same file name already exissts.
F1003E6C.HDF insertion FAILED. May be same file name already exissts.
F1003E6B.HDF insertion FAILED. May be same file name already exissts.
F1003E6A.HDF insertion FAILED. May be same file name already exissts.
F1003E4B.DAT insertion FAILED. May be same file name already exissts.
F1003E4A.DAT insertion FAILED. May be same file name already exissts.
F1001E8D.HDF insertion FAILED. May be same file name already exissts.
F1001E8C.HDF insertion FAILED. May be same file name already exissts.
F1001E8B.HDF insertion FAILED. May be same file name already exissts.
F1001E8A.HDF insertion FAILED. May be same file name already exissts.
F1001E4B.DAT insertion FAILED. May be same file name already exissts.
F1001E4B (2).DAT inserted.
F1001E4A.DAT insertion FAILED. May be same file name already exissts.
F1001E3W.DAT inserted.
